[Fri Jul 12 22:30:43.562833 2024] [ssl:warn] [pid 13688:tid 368] AH01909: www.example.com:443:0 server certificate does NOT include an ID which matches the server name
[Fri Jul 12 22:30:43.606779 2024] [ssl:warn] [pid 13688:tid 368] AH01909: www.example.com:443:0 server certificate does NOT include an ID which matches the server name
[Fri Jul 12 22:30:43.678008 2024] [mpm_winnt:notice] [pid 13688:tid 368] AH00455: Apache/2.4.58 (Win64) OpenSSL/3.1.3 PHP/8.2.12 configured -- resuming normal operations
[Fri Jul 12 22:30:43.678008 2024] [mpm_winnt:notice] [pid 13688:tid 368] AH00456: Apache Lounge VS17 Server built: Oct 18 2023 13:03:18
[Fri Jul 12 22:30:43.678008 2024] [core:notice] [pid 13688:tid 368] AH00094: Command line: 'C:\\xampp\\apache\\bin\\httpd.exe -d C:/xampp/apache'
[Fri Jul 12 22:30:43.685986 2024] [mpm_winnt:notice] [pid 13688:tid 368] AH00418: Parent: Created child process 10168
[Fri Jul 12 22:30:44.117860 2024] [ssl:warn] [pid 10168:tid 440] AH01909: www.example.com:443:0 server certificate does NOT include an ID which matches the server name
[Fri Jul 12 22:30:44.160407 2024] [ssl:warn] [pid 10168:tid 440] AH01909: www.example.com:443:0 server certificate does NOT include an ID which matches the server name
[Fri Jul 12 22:30:44.199041 2024] [mpm_winnt:notice] [pid 10168:tid 440] AH00354: Child: Starting 150 worker threads.
[Fri Jul 12 22:31:15.643157 2024] [ssl:warn] [pid 6048:tid 480] AH01909: www.example.com:443:0 server certificate does NOT include an ID which matches the server name
[Fri Jul 12 22:31:15.676091 2024] [ssl:warn] [pid 6048:tid 480] AH01909: www.example.com:443:0 server certificate does NOT include an ID which matches the server name
[Fri Jul 12 22:31:15.706011 2024] [mpm_winnt:notice] [pid 6048:tid 480] AH00455: Apache/2.4.58 (Win64) OpenSSL/3.1.3 PHP/8.2.12 configured -- resuming normal operations
[Fri Jul 12 22:31:15.706011 2024] [mpm_winnt:notice] [pid 6048:tid 480] AH00456: Apache Lounge VS17 Server built: Oct 18 2023 13:03:18
[Fri Jul 12 22:31:15.706011 2024] [core:notice] [pid 6048:tid 480] AH00094: Command line: 'c:\\xampp\\apache\\bin\\httpd.exe -d C:/xampp/apache'
[Fri Jul 12 22:31:15.711995 2024] [mpm_winnt:notice] [pid 6048:tid 480] AH00418: Parent: Created child process 15088
[Fri Jul 12 22:31:16.068113 2024] [ssl:warn] [pid 15088:tid 456] AH01909: www.example.com:443:0 server certificate does NOT include an ID which matches the server name
[Fri Jul 12 22:31:16.099427 2024] [ssl:warn] [pid 15088:tid 456] AH01909: www.example.com:443:0 server certificate does NOT include an ID which matches the server name
[Fri Jul 12 22:31:16.131587 2024] [mpm_winnt:notice] [pid 15088:tid 456] AH00354: Child: Starting 150 worker threads.
[Sat Jul 13 11:34:41.342555 2024] [ssl:warn] [pid 14428:tid 424] AH01909: www.example.com:443:0 server certificate does NOT include an ID which matches the server name
[Sat Jul 13 11:34:41.390976 2024] [core:warn] [pid 14428:tid 424] AH00098: pid file C:/xampp/apache/logs/httpd.pid overwritten -- Unclean shutdown of previous Apache run?
[Sat Jul 13 11:34:41.390976 2024] [ssl:warn] [pid 14428:tid 424] AH01909: www.example.com:443:0 server certificate does NOT include an ID which matches the server name
[Sat Jul 13 11:34:41.924842 2024] [mpm_winnt:notice] [pid 14428:tid 424] AH00455: Apache/2.4.58 (Win64) OpenSSL/3.1.3 PHP/8.2.12 configured -- resuming normal operations
[Sat Jul 13 11:34:41.924842 2024] [mpm_winnt:notice] [pid 14428:tid 424] AH00456: Apache Lounge VS17 Server built: Oct 18 2023 13:03:18
[Sat Jul 13 11:34:41.924842 2024] [core:notice] [pid 14428:tid 424] AH00094: Command line: 'c:\\xampp\\apache\\bin\\httpd.exe -d C:/xampp/apache'
[Sat Jul 13 11:34:41.933023 2024] [mpm_winnt:notice] [pid 14428:tid 424] AH00418: Parent: Created child process 9972
[Sat Jul 13 11:34:42.335482 2024] [ssl:warn] [pid 9972:tid 428] AH01909: www.example.com:443:0 server certificate does NOT include an ID which matches the server name
[Sat Jul 13 11:34:42.367827 2024] [ssl:warn] [pid 9972:tid 428] AH01909: www.example.com:443:0 server certificate does NOT include an ID which matches the server name
[Sat Jul 13 11:34:42.399966 2024] [mpm_winnt:notice] [pid 9972:tid 428] AH00354: Child: Starting 150 worker threads.
[Sun Jul 14 09:05:00.174608 2024] [ssl:warn] [pid 14052:tid 424] AH01909: www.example.com:443:0 server certificate does NOT include an ID which matches the server name
[Sun Jul 14 09:05:00.221816 2024] [core:warn] [pid 14052:tid 424] AH00098: pid file C:/xampp/apache/logs/httpd.pid overwritten -- Unclean shutdown of previous Apache run?
[Sun Jul 14 09:05:00.225756 2024] [ssl:warn] [pid 14052:tid 424] AH01909: www.example.com:443:0 server certificate does NOT include an ID which matches the server name
[Sun Jul 14 09:05:01.234878 2024] [mpm_winnt:notice] [pid 14052:tid 424] AH00455: Apache/2.4.58 (Win64) OpenSSL/3.1.3 PHP/8.2.12 configured -- resuming normal operations
[Sun Jul 14 09:05:01.234878 2024] [mpm_winnt:notice] [pid 14052:tid 424] AH00456: Apache Lounge VS17 Server built: Oct 18 2023 13:03:18
[Sun Jul 14 09:05:01.234878 2024] [core:notice] [pid 14052:tid 424] AH00094: Command line: 'c:\\xampp\\apache\\bin\\httpd.exe -d C:/xampp/apache'
[Sun Jul 14 09:05:01.239864 2024] [mpm_winnt:notice] [pid 14052:tid 424] AH00418: Parent: Created child process 4988
[Sun Jul 14 09:05:01.506513 2024] [ssl:warn] [pid 4988:tid 444] AH01909: www.example.com:443:0 server certificate does NOT include an ID which matches the server name
[Sun Jul 14 09:05:01.541859 2024] [ssl:warn] [pid 4988:tid 444] AH01909: www.example.com:443:0 server certificate does NOT include an ID which matches the server name
[Sun Jul 14 09:05:01.578052 2024] [mpm_winnt:notice] [pid 4988:tid 444] AH00354: Child: Starting 150 worker threads.
[Sun Jul 14 10:28:49.022312 2024] [php:error] [pid 4988:tid 1848] [client ::1:63980] PHP Fatal error:  Uncaught TypeError: Unsupported operand types: float * string in C:\\xampp\\htdocs\\website\\index.php:27\nStack trace:\n#0 {main}\n  thrown in C:\\xampp\\htdocs\\website\\index.php on line 27
[Sun Jul 14 10:49:28.652303 2024] [php:warn] [pid 4988:tid 1848] [client ::1:64085] PHP Warning:  Undefined array key "Username" in C:\\xampp\\htdocs\\website\\index.php on line 21
[Sun Jul 14 10:50:00.747385 2024] [php:warn] [pid 4988:tid 1840] [client ::1:64086] PHP Warning:  Undefined array key "Username" in C:\\xampp\\htdocs\\website\\index.php on line 20
[Sun Jul 14 10:50:01.205557 2024] [php:warn] [pid 4988:tid 1840] [client ::1:64086] PHP Warning:  Undefined array key "Username" in C:\\xampp\\htdocs\\website\\index.php on line 20
[Sun Jul 14 10:50:01.373452 2024] [php:warn] [pid 4988:tid 1840] [client ::1:64086] PHP Warning:  Undefined array key "Username" in C:\\xampp\\htdocs\\website\\index.php on line 20
[Sun Jul 14 10:52:17.789992 2024] [php:warn] [pid 4988:tid 1848] [client ::1:64094] PHP Warning:  Undefined array key "Password" in C:\\xampp\\htdocs\\website\\index.php on line 21, referer: http://localhost/website/index.php?Username=Enzito&password=121212
[Sun Jul 14 10:52:25.679865 2024] [php:warn] [pid 4988:tid 1840] [client ::1:64095] PHP Warning:  Undefined array key "Password" in C:\\xampp\\htdocs\\website\\index.php on line 21, referer: http://localhost/website/index.php?Username=Enzito&password=
[Sun Jul 14 11:15:57.870229 2024] [php:warn] [pid 4988:tid 1848] [client ::1:64125] PHP Warning:  Undefined array key "Password" in C:\\xampp\\htdocs\\website\\index.php on line 21, referer: http://localhost/website/index.php?Username=Enzito+&password=124125
[Sun Jul 14 11:16:04.404886 2024] [php:warn] [pid 4988:tid 1840] [client ::1:64126] PHP Warning:  Undefined array key "Password" in C:\\xampp\\htdocs\\website\\index.php on line 21, referer: http://localhost/website/index.php?Username=teste+&password=
[Sun Jul 14 11:16:09.820536 2024] [php:warn] [pid 4988:tid 1848] [client ::1:64127] PHP Warning:  Undefined array key "Password" in C:\\xampp\\htdocs\\website\\index.php on line 21, referer: http://localhost/website/index.php?Username=Teste+&password=12315022
[Sun Jul 14 15:33:00.714248 2024] [php:warn] [pid 4988:tid 1840] [client ::1:64636] PHP Warning:  Undefined array key "Username" in C:\\xampp\\htdocs\\website\\index.php on line 23, referer: http://localhost/website/index.php?Username=Enzito&password=
[Sun Jul 14 15:33:00.714248 2024] [php:warn] [pid 4988:tid 1840] [client ::1:64636] PHP Warning:  Undefined array key "password" in C:\\xampp\\htdocs\\website\\index.php on line 24, referer: http://localhost/website/index.php?Username=Enzito&password=
[Sun Jul 14 15:47:55.847572 2024] [php:warn] [pid 4988:tid 1848] [client ::1:64717] PHP Warning:  Undefined array key "Username" in C:\\xampp\\htdocs\\website\\index.php on line 23, referer: http://localhost/website/index.php?Username=Enzito&password=4548278
[Sun Jul 14 15:47:55.847572 2024] [php:warn] [pid 4988:tid 1848] [client ::1:64717] PHP Warning:  Undefined array key "password" in C:\\xampp\\htdocs\\website\\index.php on line 24, referer: http://localhost/website/index.php?Username=Enzito&password=4548278
[Sun Jul 14 15:47:58.237584 2024] [php:warn] [pid 4988:tid 1848] [client ::1:64717] PHP Warning:  Undefined array key "Username" in C:\\xampp\\htdocs\\website\\index.php on line 23, referer: http://localhost/website/index.php?Username=Enzito&password=4548278
[Sun Jul 14 15:47:58.237584 2024] [php:warn] [pid 4988:tid 1848] [client ::1:64717] PHP Warning:  Undefined array key "password" in C:\\xampp\\htdocs\\website\\index.php on line 24, referer: http://localhost/website/index.php?Username=Enzito&password=4548278
[Sun Jul 14 15:47:58.797212 2024] [php:warn] [pid 4988:tid 1848] [client ::1:64717] PHP Warning:  Undefined array key "Username" in C:\\xampp\\htdocs\\website\\index.php on line 23, referer: http://localhost/website/index.php?Username=Enzito&password=4548278
[Sun Jul 14 15:47:58.797212 2024] [php:warn] [pid 4988:tid 1848] [client ::1:64717] PHP Warning:  Undefined array key "password" in C:\\xampp\\htdocs\\website\\index.php on line 24, referer: http://localhost/website/index.php?Username=Enzito&password=4548278
[Sun Jul 14 15:48:15.747539 2024] [php:warn] [pid 4988:tid 1840] [client ::1:64718] PHP Warning:  Undefined array key "Username" in C:\\xampp\\htdocs\\website\\index.php on line 23, referer: http://localhost/website/index.php?Username=Enzito&password=4548278
[Sun Jul 14 15:48:15.747539 2024] [php:warn] [pid 4988:tid 1840] [client ::1:64718] PHP Warning:  Undefined array key "password" in C:\\xampp\\htdocs\\website\\index.php on line 24, referer: http://localhost/website/index.php?Username=Enzito&password=4548278
[Sun Jul 14 15:48:20.157230 2024] [php:warn] [pid 4988:tid 1840] [client ::1:64718] PHP Warning:  Undefined array key "Username" in C:\\xampp\\htdocs\\website\\index.php on line 23, referer: http://localhost/website/index.php?Username=Enzito+&password=1250234
[Sun Jul 14 15:48:20.157230 2024] [php:warn] [pid 4988:tid 1840] [client ::1:64718] PHP Warning:  Undefined array key "password" in C:\\xampp\\htdocs\\website\\index.php on line 24, referer: http://localhost/website/index.php?Username=Enzito+&password=1250234
[Sun Jul 14 15:48:20.647643 2024] [php:warn] [pid 4988:tid 1840] [client ::1:64718] PHP Warning:  Undefined array key "Username" in C:\\xampp\\htdocs\\website\\index.php on line 23, referer: http://localhost/website/index.php?Username=&password=4545454
[Sun Jul 14 15:48:20.647643 2024] [php:warn] [pid 4988:tid 1840] [client ::1:64718] PHP Warning:  Undefined array key "password" in C:\\xampp\\htdocs\\website\\index.php on line 24, referer: http://localhost/website/index.php?Username=&password=4545454
[Sun Jul 14 15:49:39.161900 2024] [php:warn] [pid 4988:tid 1848] [client ::1:64721] PHP Warning:  Undefined array key "Username" in C:\\xampp\\htdocs\\website\\index.php on line 25, referer: http://localhost/website/index.php?Username=&password=4545454
[Sun Jul 14 15:49:39.161900 2024] [php:warn] [pid 4988:tid 1848] [client ::1:64721] PHP Warning:  Undefined array key "password" in C:\\xampp\\htdocs\\website\\index.php on line 26, referer: http://localhost/website/index.php?Username=&password=4545454
[Sun Jul 14 16:28:11.675471 2024] [php:warn] [pid 4988:tid 1848] [client ::1:64864] PHP Warning:  Undefined global variable $_SESSION in C:\\xampp\\htdocs\\website\\home.php on line 2, referer: http://localhost/website/index.php
[Sun Jul 14 16:28:11.675471 2024] [php:warn] [pid 4988:tid 1848] [client ::1:64864] PHP Warning:  Trying to access array offset on value of type null in C:\\xampp\\htdocs\\website\\home.php on line 2, referer: http://localhost/website/index.php
[Sun Jul 14 16:28:11.675471 2024] [php:warn] [pid 4988:tid 1848] [client ::1:64864] PHP Warning:  Undefined global variable $_SESSION in C:\\xampp\\htdocs\\website\\home.php on line 3, referer: http://localhost/website/index.php
[Sun Jul 14 16:28:11.675471 2024] [php:warn] [pid 4988:tid 1848] [client ::1:64864] PHP Warning:  Trying to access array offset on value of type null in C:\\xampp\\htdocs\\website\\home.php on line 3, referer: http://localhost/website/index.php
[Sun Jul 14 16:57:23.149122 2024] [php:warn] [pid 4988:tid 1840] [client ::1:64933] PHP Warning:  Undefined array key "login" in C:\\xampp\\htdocs\\website\\index.php on line 29, referer: http://localhost/website/home.php
[Sun Jul 14 16:57:23.149122 2024] [php:error] [pid 4988:tid 1840] [client ::1:64933] PHP Fatal error:  Uncaught AssertionError: assert($_POST['login']) in C:\\xampp\\htdocs\\website\\index.php:29\nStack trace:\n#0 C:\\xampp\\htdocs\\website\\index.php(29): assert(NULL, 'assert($_POST['...')\n#1 {main}\n  thrown in C:\\xampp\\htdocs\\website\\index.php on line 29, referer: http://localhost/website/home.php
[Sun Jul 14 16:57:33.190958 2024] [php:warn] [pid 4988:tid 1848] [client ::1:64934] PHP Warning:  Undefined array key "login" in C:\\xampp\\htdocs\\website\\index.php on line 29, referer: http://localhost/website/home.php
[Sun Jul 14 16:57:33.190958 2024] [php:error] [pid 4988:tid 1848] [client ::1:64934] PHP Fatal error:  Uncaught AssertionError: assert($_POST['login']) in C:\\xampp\\htdocs\\website\\index.php:29\nStack trace:\n#0 C:\\xampp\\htdocs\\website\\index.php(29): assert(NULL, 'assert($_POST['...')\n#1 {main}\n  thrown in C:\\xampp\\htdocs\\website\\index.php on line 29, referer: http://localhost/website/home.php
[Sun Jul 14 16:57:34.031764 2024] [php:warn] [pid 4988:tid 1848] [client ::1:64934] PHP Warning:  Undefined array key "login" in C:\\xampp\\htdocs\\website\\index.php on line 29, referer: http://localhost/website/home.php
[Sun Jul 14 16:57:34.031764 2024] [php:error] [pid 4988:tid 1848] [client ::1:64934] PHP Fatal error:  Uncaught AssertionError: assert($_POST['login']) in C:\\xampp\\htdocs\\website\\index.php:29\nStack trace:\n#0 C:\\xampp\\htdocs\\website\\index.php(29): assert(NULL, 'assert($_POST['...')\n#1 {main}\n  thrown in C:\\xampp\\htdocs\\website\\index.php on line 29, referer: http://localhost/website/home.php
[Sun Jul 14 16:57:56.787130 2024] [php:warn] [pid 4988:tid 1840] [client ::1:64935] PHP Warning:  Undefined array key "login" in C:\\xampp\\htdocs\\website\\index.php on line 29, referer: http://localhost/website/home.php
[Sun Jul 14 16:57:56.787130 2024] [php:error] [pid 4988:tid 1840] [client ::1:64935] PHP Fatal error:  Uncaught AssertionError: assert($_POST['login']) in C:\\xampp\\htdocs\\website\\index.php:29\nStack trace:\n#0 C:\\xampp\\htdocs\\website\\index.php(29): assert(NULL, 'assert($_POST['...')\n#1 {main}\n  thrown in C:\\xampp\\htdocs\\website\\index.php on line 29, referer: http://localhost/website/home.php
[Sun Jul 14 17:48:58.174094 2024] [php:error] [pid 4988:tid 1808] [client ::1:65418] script 'C:/xampp/htdocs/website/login.php' not found or unable to stat, referer: http://localhost/website/home.php
[Sun Jul 14 17:49:01.015744 2024] [php:error] [pid 4988:tid 1808] [client ::1:65418] script 'C:/xampp/htdocs/website/login.php' not found or unable to stat, referer: http://localhost/website/home.php
[Sun Jul 14 17:49:01.289938 2024] [php:error] [pid 4988:tid 1808] [client ::1:65418] script 'C:/xampp/htdocs/website/login.php' not found or unable to stat, referer: http://localhost/website/home.php
[Sun Jul 14 17:49:11.762717 2024] [php:error] [pid 4988:tid 1848] [client ::1:65419] script 'C:/xampp/htdocs/website/login.php' not found or unable to stat, referer: http://localhost/website/home.php
[Sun Jul 14 17:49:12.401425 2024] [php:error] [pid 4988:tid 1848] [client ::1:65419] script 'C:/xampp/htdocs/website/login.php' not found or unable to stat, referer: http://localhost/website/home.php
[Sun Jul 14 17:49:12.631249 2024] [php:error] [pid 4988:tid 1848] [client ::1:65419] script 'C:/xampp/htdocs/website/login.php' not found or unable to stat, referer: http://localhost/website/home.php
[Sun Jul 14 17:49:12.751348 2024] [php:error] [pid 4988:tid 1848] [client ::1:65419] script 'C:/xampp/htdocs/website/login.php' not found or unable to stat, referer: http://localhost/website/home.php
[Sun Jul 14 17:49:12.912394 2024] [php:error] [pid 4988:tid 1848] [client ::1:65419] script 'C:/xampp/htdocs/website/login.php' not found or unable to stat, referer: http://localhost/website/home.php
[Sun Jul 14 17:49:13.052260 2024] [php:error] [pid 4988:tid 1848] [client ::1:65419] script 'C:/xampp/htdocs/website/login.php' not found or unable to stat, referer: http://localhost/website/home.php
[Sun Jul 14 17:49:13.211934 2024] [php:error] [pid 4988:tid 1848] [client ::1:65419] script 'C:/xampp/htdocs/website/login.php' not found or unable to stat, referer: http://localhost/website/home.php
[Sun Jul 14 17:49:13.352841 2024] [php:error] [pid 4988:tid 1848] [client ::1:65419] script 'C:/xampp/htdocs/website/login.php' not found or unable to stat, referer: http://localhost/website/home.php
[Sun Jul 14 17:49:13.531523 2024] [php:error] [pid 4988:tid 1848] [client ::1:65419] script 'C:/xampp/htdocs/website/login.php' not found or unable to stat, referer: http://localhost/website/home.php
[Sun Jul 14 17:49:19.892061 2024] [php:error] [pid 4988:tid 1808] [client ::1:65421] script 'C:/xampp/htdocs/website/login.php' not found or unable to stat, referer: http://localhost/website/home.php
[Sun Jul 14 17:50:04.221954 2024] [php:error] [pid 4988:tid 1808] [client ::1:65424] script 'C:/xampp/htdocs/website/login.php' not found or unable to stat
[Sun Jul 14 17:50:37.482883 2024] [php:error] [pid 4988:tid 1848] [client ::1:65426] script 'C:/xampp/htdocs/website/login.php' not found or unable to stat
[Sun Jul 14 17:52:15.937505 2024] [php:error] [pid 4988:tid 1808] [client ::1:65451] script 'C:/xampp/htdocs/website/login.php' not found or unable to stat
[Sun Jul 14 17:57:01.530284 2024] [php:error] [pid 4988:tid 1808] [client ::1:65465] script 'C:/xampp/htdocs/website/cadastro.php' not found or unable to stat, referer: http://localhost/website/home.php
[Sun Jul 14 18:09:52.791275 2024] [php:warn] [pid 4988:tid 1848] [client ::1:49202] PHP Warning:  require_once(conexao.php): Failed to open stream: No such file or directory in C:\\xampp\\htdocs\\website\\cadastro.php on line 3, referer: http://localhost/website/login.php
[Sun Jul 14 18:09:52.791275 2024] [php:error] [pid 4988:tid 1848] [client ::1:49202] PHP Fatal error:  Uncaught Error: Failed opening required 'conexao.php' (include_path='C:\\xampp\\php\\PEAR') in C:\\xampp\\htdocs\\website\\cadastro.php:3\nStack trace:\n#0 {main}\n  thrown in C:\\xampp\\htdocs\\website\\cadastro.php on line 3, referer: http://localhost/website/login.php
[Sun Jul 14 18:11:36.652245 2024] [php:error] [pid 4988:tid 1848] [client ::1:49206] script 'C:/xampp/htdocs/website/cadastro.php' not found or unable to stat, referer: http://localhost/website/login.php
[Sun Jul 14 18:11:46.479708 2024] [php:error] [pid 4988:tid 1808] [client ::1:49208] script 'C:/xampp/htdocs/website/cadastro.php' not found or unable to stat, referer: http://localhost/website/home.php
[Sun Jul 14 22:04:36.519048 2024] [ssl:warn] [pid 336:tid 432] AH01909: www.example.com:443:0 server certificate does NOT include an ID which matches the server name
[Sun Jul 14 22:04:36.560095 2024] [core:warn] [pid 336:tid 432] AH00098: pid file C:/xampp/apache/logs/httpd.pid overwritten -- Unclean shutdown of previous Apache run?
[Sun Jul 14 22:04:36.568083 2024] [ssl:warn] [pid 336:tid 432] AH01909: www.example.com:443:0 server certificate does NOT include an ID which matches the server name
[Sun Jul 14 22:04:37.060604 2024] [mpm_winnt:notice] [pid 336:tid 432] AH00455: Apache/2.4.58 (Win64) OpenSSL/3.1.3 PHP/8.2.12 configured -- resuming normal operations
[Sun Jul 14 22:04:37.060604 2024] [mpm_winnt:notice] [pid 336:tid 432] AH00456: Apache Lounge VS17 Server built: Oct 18 2023 13:03:18
[Sun Jul 14 22:04:37.060604 2024] [core:notice] [pid 336:tid 432] AH00094: Command line: 'c:\\xampp\\apache\\bin\\httpd.exe -d C:/xampp/apache'
[Sun Jul 14 22:04:37.068601 2024] [mpm_winnt:notice] [pid 336:tid 432] AH00418: Parent: Created child process 9652
[Sun Jul 14 22:04:37.461778 2024] [ssl:warn] [pid 9652:tid 428] AH01909: www.example.com:443:0 server certificate does NOT include an ID which matches the server name
[Sun Jul 14 22:04:37.493966 2024] [ssl:warn] [pid 9652:tid 428] AH01909: www.example.com:443:0 server certificate does NOT include an ID which matches the server name
[Sun Jul 14 22:04:37.526441 2024] [mpm_winnt:notice] [pid 9652:tid 428] AH00354: Child: Starting 150 worker threads.
[Mon Jul 15 10:09:58.121234 2024] [ssl:warn] [pid 8936:tid 436] AH01909: www.example.com:443:0 server certificate does NOT include an ID which matches the server name
[Mon Jul 15 10:09:58.161209 2024] [core:warn] [pid 8936:tid 436] AH00098: pid file C:/xampp/apache/logs/httpd.pid overwritten -- Unclean shutdown of previous Apache run?
[Mon Jul 15 10:09:58.161209 2024] [ssl:warn] [pid 8936:tid 436] AH01909: www.example.com:443:0 server certificate does NOT include an ID which matches the server name
[Mon Jul 15 10:09:58.193462 2024] [mpm_winnt:notice] [pid 8936:tid 436] AH00455: Apache/2.4.58 (Win64) OpenSSL/3.1.3 PHP/8.2.12 configured -- resuming normal operations
[Mon Jul 15 10:09:58.193462 2024] [mpm_winnt:notice] [pid 8936:tid 436] AH00456: Apache Lounge VS17 Server built: Oct 18 2023 13:03:18
[Mon Jul 15 10:09:58.193462 2024] [core:notice] [pid 8936:tid 436] AH00094: Command line: 'c:\\xampp\\apache\\bin\\httpd.exe -d C:/xampp/apache'
[Mon Jul 15 10:09:58.201465 2024] [mpm_winnt:notice] [pid 8936:tid 436] AH00418: Parent: Created child process 7852
[Mon Jul 15 10:09:58.482541 2024] [ssl:warn] [pid 7852:tid 456] AH01909: www.example.com:443:0 server certificate does NOT include an ID which matches the server name
[Mon Jul 15 10:09:58.522959 2024] [ssl:warn] [pid 7852:tid 456] AH01909: www.example.com:443:0 server certificate does NOT include an ID which matches the server name
[Mon Jul 15 10:09:58.555620 2024] [mpm_winnt:notice] [pid 7852:tid 456] AH00354: Child: Starting 150 worker threads.
[Mon Jul 15 10:42:11.634503 2024] [php:error] [pid 7852:tid 1852] [client ::1:60978] script 'C:/xampp/htdocs/website/processar_cadastro.php' not found or unable to stat, referer: http://localhost/website/home.php
[Mon Jul 15 11:59:05.644156 2024] [php:error] [pid 7852:tid 1844] [client ::1:61443] PHP Fatal error:  Uncaught mysqli_sql_exception: Nenhuma conex\xc3\xa3o p\xc3\xb4de ser feita porque a m\xc3\xa1quina de destino as recusou ativamente in C:\\xampp\\htdocs\\website\\data.php:8\nStack trace:\n#0 C:\\xampp\\htdocs\\website\\data.php(8): mysqli_connect('localhost', 'root', Object(SensitiveParameterValue), 'projetodb')\n#1 {main}\n  thrown in C:\\xampp\\htdocs\\website\\data.php on line 8
[Mon Jul 15 11:59:16.944092 2024] [php:error] [pid 7852:tid 1852] [client ::1:61444] PHP Fatal error:  Uncaught mysqli_sql_exception: Nenhuma conex\xc3\xa3o p\xc3\xb4de ser feita porque a m\xc3\xa1quina de destino as recusou ativamente in C:\\xampp\\htdocs\\website\\data.php:8\nStack trace:\n#0 C:\\xampp\\htdocs\\website\\data.php(8): mysqli_connect('localhost', 'root', Object(SensitiveParameterValue), 'projetodb')\n#1 {main}\n  thrown in C:\\xampp\\htdocs\\website\\data.php on line 8
[Mon Jul 15 12:02:45.123679 2024] [php:error] [pid 7852:tid 1844] [client ::1:61457] PHP Fatal error:  Uncaught mysqli_sql_exception: Nenhuma conex\xc3\xa3o p\xc3\xb4de ser feita porque a m\xc3\xa1quina de destino as recusou ativamente in C:\\xampp\\htdocs\\website\\data.php:8\nStack trace:\n#0 C:\\xampp\\htdocs\\website\\data.php(8): mysqli_connect('localhost', 'root', Object(SensitiveParameterValue), 'projetodb')\n#1 {main}\n  thrown in C:\\xampp\\htdocs\\website\\data.php on line 8
[Mon Jul 15 12:09:19.694499 2024] [php:warn] [pid 7852:tid 1820] [client ::1:61499] PHP Warning:  include('data.php): Failed to open stream: No such file or directory in C:\\xampp\\htdocs\\website\\index.php on line 3
[Mon Jul 15 12:09:19.694499 2024] [php:warn] [pid 7852:tid 1820] [client ::1:61499] PHP Warning:  include(): Failed opening ''data.php' for inclusion (include_path='C:\\xampp\\php\\PEAR') in C:\\xampp\\htdocs\\website\\index.php on line 3
[Mon Jul 15 13:35:39.190239 2024] [php:error] [pid 7852:tid 1808] [client ::1:62266] script 'C:/xampp/htdocs/website/processar_cadastro.php' not found or unable to stat, referer: http://localhost/website/home.php
[Mon Jul 15 15:35:20.461927 2024] [php:error] [pid 7852:tid 1820] [client ::1:63485] PHP Fatal error:  Uncaught Error: Call to undefined function hearder() in C:\\xampp\\htdocs\\website\\index.php:10\nStack trace:\n#0 {main}\n  thrown in C:\\xampp\\htdocs\\website\\index.php on line 10, referer: http://localhost/website/index.php
[Mon Jul 15 15:37:59.483713 2024] [php:error] [pid 7852:tid 1820] [client ::1:63535] script 'C:/xampp/htdocs/website/lndex.php' not found or unable to stat
[Mon Jul 15 15:38:06.233147 2024] [php:error] [pid 7852:tid 1808] [client ::1:63540] script 'C:/xampp/htdocs/website/lndex.php' not found or unable to stat
[Mon Jul 15 15:38:08.544149 2024] [php:error] [pid 7852:tid 1808] [client ::1:63540] script 'C:/xampp/htdocs/website/lndex.php' not found or unable to stat
[Mon Jul 15 15:38:09.213921 2024] [php:error] [pid 7852:tid 1808] [client ::1:63540] script 'C:/xampp/htdocs/website/lndex.php' not found or unable to stat
[Mon Jul 15 15:38:09.384099 2024] [php:error] [pid 7852:tid 1808] [client ::1:63540] script 'C:/xampp/htdocs/website/lndex.php' not found or unable to stat
[Mon Jul 15 15:38:09.554196 2024] [php:error] [pid 7852:tid 1808] [client ::1:63540] script 'C:/xampp/htdocs/website/lndex.php' not found or unable to stat
[Mon Jul 15 15:38:09.723790 2024] [php:error] [pid 7852:tid 1808] [client ::1:63540] script 'C:/xampp/htdocs/website/lndex.php' not found or unable to stat
[Mon Jul 15 15:38:10.634366 2024] [php:error] [pid 7852:tid 1808] [client ::1:63540] script 'C:/xampp/htdocs/website/lndex.php' not found or unable to stat
[Mon Jul 15 15:38:20.154041 2024] [php:error] [pid 7852:tid 1820] [client ::1:63547] script 'C:/xampp/htdocs/website/lndex.php' not found or unable to stat
[Mon Jul 15 15:38:21.773229 2024] [php:error] [pid 7852:tid 1820] [client ::1:63547] script 'C:/xampp/htdocs/website/lndex.php' not found or unable to stat
[Mon Jul 22 19:05:35.102669 2024] [ssl:warn] [pid 14588:tid 444] AH01909: www.example.com:443:0 server certificate does NOT include an ID which matches the server name
[Mon Jul 22 19:05:35.133396 2024] [core:warn] [pid 14588:tid 444] AH00098: pid file C:/xampp/apache/logs/httpd.pid overwritten -- Unclean shutdown of previous Apache run?
[Mon Jul 22 19:05:35.135391 2024] [ssl:warn] [pid 14588:tid 444] AH01909: www.example.com:443:0 server certificate does NOT include an ID which matches the server name
[Mon Jul 22 19:05:35.864196 2024] [mpm_winnt:notice] [pid 14588:tid 444] AH00455: Apache/2.4.58 (Win64) OpenSSL/3.1.3 PHP/8.2.12 configured -- resuming normal operations
[Mon Jul 22 19:05:35.864196 2024] [mpm_winnt:notice] [pid 14588:tid 444] AH00456: Apache Lounge VS17 Server built: Oct 18 2023 13:03:18
[Mon Jul 22 19:05:35.864196 2024] [core:notice] [pid 14588:tid 444] AH00094: Command line: 'c:\\xampp\\apache\\bin\\httpd.exe -d C:/xampp/apache'
[Mon Jul 22 19:05:35.869525 2024] [mpm_winnt:notice] [pid 14588:tid 444] AH00418: Parent: Created child process 12744
[Mon Jul 22 19:05:36.255624 2024] [ssl:warn] [pid 12744:tid 428] AH01909: www.example.com:443:0 server certificate does NOT include an ID which matches the server name
[Mon Jul 22 19:05:36.297179 2024] [ssl:warn] [pid 12744:tid 428] AH01909: www.example.com:443:0 server certificate does NOT include an ID which matches the server name
[Mon Jul 22 19:05:36.331094 2024] [mpm_winnt:notice] [pid 12744:tid 428] AH00354: Child: Starting 150 worker threads.
[Mon Jul 22 23:17:46.859230 2024] [php:error] [pid 12744:tid 1852] [client ::1:63431] PHP Fatal error:  Uncaught mysqli_sql_exception: Table 'projetodb.users' doesn't exist in C:\\xampp\\htdocs\\website\\index.php:18\nStack trace:\n#0 C:\\xampp\\htdocs\\website\\index.php(18): mysqli_query(Object(mysqli), 'INSERT INTO use...')\n#1 {main}\n  thrown in C:\\xampp\\htdocs\\website\\index.php on line 18, referer: http://localhost/website/index.php
[Mon Jul 22 23:17:48.028790 2024] [php:error] [pid 12744:tid 1852] [client ::1:63431] PHP Fatal error:  Uncaught mysqli_sql_exception: Table 'projetodb.users' doesn't exist in C:\\xampp\\htdocs\\website\\index.php:18\nStack trace:\n#0 C:\\xampp\\htdocs\\website\\index.php(18): mysqli_query(Object(mysqli), 'INSERT INTO use...')\n#1 {main}\n  thrown in C:\\xampp\\htdocs\\website\\index.php on line 18, referer: http://localhost/website/index.php
[Mon Jul 22 23:32:50.518411 2024] [php:warn] [pid 12744:tid 1824] [client ::1:63556] PHP Warning:  Undefined variable $email in C:\\xampp\\htdocs\\website\\data.php on line 35
[Mon Jul 22 23:33:50.753607 2024] [php:warn] [pid 12744:tid 1820] [client ::1:63560] PHP Warning:  Undefined variable $username in C:\\xampp\\htdocs\\website\\data.php on line 35
[Mon Jul 22 23:33:51.563761 2024] [php:warn] [pid 12744:tid 1820] [client ::1:63560] PHP Warning:  Undefined variable $username in C:\\xampp\\htdocs\\website\\data.php on line 35
[Mon Jul 22 23:34:24.121247 2024] [php:error] [pid 12744:tid 1824] [client ::1:63561] script 'C:/xampp/htdocs/website/logout.php' not found or unable to stat, referer: http://localhost/website/data.php
[Mon Jul 22 23:35:06.377003 2024] [php:warn] [pid 12744:tid 1824] [client ::1:63567] PHP Warning:  Undefined variable $email in C:\\xampp\\htdocs\\website\\home.php on line 36, referer: http://localhost/website/data.php
[Mon Jul 22 23:36:23.581072 2024] [php:error] [pid 12744:tid 1820] [client ::1:63580] PHP Fatal error:  Uncaught mysqli_sql_exception: Table 'projetodb.users' doesn't exist in C:\\xampp\\htdocs\\website\\home.php:7\nStack trace:\n#0 C:\\xampp\\htdocs\\website\\home.php(7): mysqli_query(Object(mysqli), 'SELECT * FROM u...')\n#1 {main}\n  thrown in C:\\xampp\\htdocs\\website\\home.php on line 7, referer: http://localhost/website/data.php
[Mon Jul 22 23:36:35.892411 2024] [php:error] [pid 12744:tid 1824] [client ::1:63581] PHP Fatal error:  Uncaught mysqli_sql_exception: Table 'projetodb.users' doesn't exist in C:\\xampp\\htdocs\\website\\home.php:7\nStack trace:\n#0 C:\\xampp\\htdocs\\website\\home.php(7): mysqli_query(Object(mysqli), 'SELECT * FROM u...')\n#1 {main}\n  thrown in C:\\xampp\\htdocs\\website\\home.php on line 7, referer: http://localhost/website/home.php
[Mon Jul 22 23:36:36.565155 2024] [php:error] [pid 12744:tid 1824] [client ::1:63581] PHP Fatal error:  Uncaught mysqli_sql_exception: Table 'projetodb.users' doesn't exist in C:\\xampp\\htdocs\\website\\home.php:7\nStack trace:\n#0 C:\\xampp\\htdocs\\website\\home.php(7): mysqli_query(Object(mysqli), 'SELECT * FROM u...')\n#1 {main}\n  thrown in C:\\xampp\\htdocs\\website\\home.php on line 7, referer: http://localhost/website/home.php
[Mon Jul 22 23:36:36.759320 2024] [php:error] [pid 12744:tid 1824] [client ::1:63581] PHP Fatal error:  Uncaught mysqli_sql_exception: Table 'projetodb.users' doesn't exist in C:\\xampp\\htdocs\\website\\home.php:7\nStack trace:\n#0 C:\\xampp\\htdocs\\website\\home.php(7): mysqli_query(Object(mysqli), 'SELECT * FROM u...')\n#1 {main}\n  thrown in C:\\xampp\\htdocs\\website\\home.php on line 7, referer: http://localhost/website/home.php
[Mon Jul 22 23:36:36.937644 2024] [php:error] [pid 12744:tid 1824] [client ::1:63581] PHP Fatal error:  Uncaught mysqli_sql_exception: Table 'projetodb.users' doesn't exist in C:\\xampp\\htdocs\\website\\home.php:7\nStack trace:\n#0 C:\\xampp\\htdocs\\website\\home.php(7): mysqli_query(Object(mysqli), 'SELECT * FROM u...')\n#1 {main}\n  thrown in C:\\xampp\\htdocs\\website\\home.php on line 7, referer: http://localhost/website/home.php
[Mon Jul 22 23:37:33.091087 2024] [php:warn] [pid 12744:tid 1824] [client ::1:63591] PHP Warning:  Undefined variable $email in C:\\xampp\\htdocs\\website\\data.php on line 35
[Mon Jul 22 23:55:50.535891 2024] [php:error] [pid 12744:tid 1820] [client ::1:63693] PHP Fatal error:  Uncaught mysqli_sql_exception: Table 'projetodb.users' doesn't exist in C:\\xampp\\htdocs\\website\\index.php:19\nStack trace:\n#0 C:\\xampp\\htdocs\\website\\index.php(19): mysqli_query(Object(mysqli), 'INSERT INTO use...')\n#1 {main}\n  thrown in C:\\xampp\\htdocs\\website\\index.php on line 19, referer: http://localhost/website/index.php
[Tue Jul 23 08:26:19.045579 2024] [ssl:warn] [pid 17672:tid 436] AH01909: www.example.com:443:0 server certificate does NOT include an ID which matches the server name
[Tue Jul 23 08:26:19.115948 2024] [core:warn] [pid 17672:tid 436] AH00098: pid file C:/xampp/apache/logs/httpd.pid overwritten -- Unclean shutdown of previous Apache run?
[Tue Jul 23 08:26:19.118939 2024] [ssl:warn] [pid 17672:tid 436] AH01909: www.example.com:443:0 server certificate does NOT include an ID which matches the server name
[Tue Jul 23 08:26:19.283389 2024] [mpm_winnt:notice] [pid 17672:tid 436] AH00455: Apache/2.4.58 (Win64) OpenSSL/3.1.3 PHP/8.2.12 configured -- resuming normal operations
[Tue Jul 23 08:26:19.283389 2024] [mpm_winnt:notice] [pid 17672:tid 436] AH00456: Apache Lounge VS17 Server built: Oct 18 2023 13:03:18
[Tue Jul 23 08:26:19.283389 2024] [core:notice] [pid 17672:tid 436] AH00094: Command line: 'c:\\xampp\\apache\\bin\\httpd.exe -d C:/xampp/apache'
[Tue Jul 23 08:26:19.288376 2024] [mpm_winnt:notice] [pid 17672:tid 436] AH00418: Parent: Created child process 3652
[Tue Jul 23 08:26:19.695165 2024] [ssl:warn] [pid 3652:tid 436] AH01909: www.example.com:443:0 server certificate does NOT include an ID which matches the server name
[Tue Jul 23 08:26:19.734209 2024] [ssl:warn] [pid 3652:tid 436] AH01909: www.example.com:443:0 server certificate does NOT include an ID which matches the server name
[Tue Jul 23 08:26:19.764979 2024] [mpm_winnt:notice] [pid 3652:tid 436] AH00354: Child: Starting 150 worker threads.
[Tue Jul 23 08:26:37.349782 2024] [php:error] [pid 3652:tid 1844] [client ::1:49596] PHP Fatal error:  Uncaught mysqli_sql_exception: Table 'projetodb.users' doesn't exist in C:\\xampp\\htdocs\\website\\index.php:19\nStack trace:\n#0 C:\\xampp\\htdocs\\website\\index.php(19): mysqli_query(Object(mysqli), 'INSERT INTO use...')\n#1 {main}\n  thrown in C:\\xampp\\htdocs\\website\\index.php on line 19, referer: http://localhost/website/index.php
[Tue Jul 23 09:42:49.626791 2024] [php:error] [pid 3652:tid 1852] [client ::1:50029] PHP Fatal error:  Uncaught mysqli_sql_exception: Unknown column 'user' in 'field list' in C:\\xampp\\htdocs\\website\\index.php:19\nStack trace:\n#0 C:\\xampp\\htdocs\\website\\index.php(19): mysqli_query(Object(mysqli), 'INSERT INTO pro...')\n#1 {main}\n  thrown in C:\\xampp\\htdocs\\website\\index.php on line 19, referer: http://localhost/website/index.php
[Tue Jul 23 10:03:34.518480 2024] [php:error] [pid 3652:tid 1828] [client ::1:50118] PHP Fatal error:  Uncaught mysqli_sql_exception: Unknown column 'user' in 'field list' in C:\\xampp\\htdocs\\website\\index.php:19\nStack trace:\n#0 C:\\xampp\\htdocs\\website\\index.php(19): mysqli_query(Object(mysqli), 'INSERT INTO pro...')\n#1 {main}\n  thrown in C:\\xampp\\htdocs\\website\\index.php on line 19, referer: http://localhost/website/index.php
[Tue Jul 23 10:03:35.372109 2024] [php:error] [pid 3652:tid 1828] [client ::1:50118] PHP Fatal error:  Uncaught mysqli_sql_exception: Unknown column 'user' in 'field list' in C:\\xampp\\htdocs\\website\\index.php:19\nStack trace:\n#0 C:\\xampp\\htdocs\\website\\index.php(19): mysqli_query(Object(mysqli), 'INSERT INTO pro...')\n#1 {main}\n  thrown in C:\\xampp\\htdocs\\website\\index.php on line 19, referer: http://localhost/website/index.php
[Tue Jul 23 10:03:35.551350 2024] [php:error] [pid 3652:tid 1828] [client ::1:50118] PHP Fatal error:  Uncaught mysqli_sql_exception: Unknown column 'user' in 'field list' in C:\\xampp\\htdocs\\website\\index.php:19\nStack trace:\n#0 C:\\xampp\\htdocs\\website\\index.php(19): mysqli_query(Object(mysqli), 'INSERT INTO pro...')\n#1 {main}\n  thrown in C:\\xampp\\htdocs\\website\\index.php on line 19, referer: http://localhost/website/index.php
[Tue Jul 23 10:03:35.754148 2024] [php:error] [pid 3652:tid 1828] [client ::1:50118] PHP Fatal error:  Uncaught mysqli_sql_exception: Unknown column 'user' in 'field list' in C:\\xampp\\htdocs\\website\\index.php:19\nStack trace:\n#0 C:\\xampp\\htdocs\\website\\index.php(19): mysqli_query(Object(mysqli), 'INSERT INTO pro...')\n#1 {main}\n  thrown in C:\\xampp\\htdocs\\website\\index.php on line 19, referer: http://localhost/website/index.php
[Tue Jul 23 10:03:35.908798 2024] [php:error] [pid 3652:tid 1828] [client ::1:50118] PHP Fatal error:  Uncaught mysqli_sql_exception: Unknown column 'user' in 'field list' in C:\\xampp\\htdocs\\website\\index.php:19\nStack trace:\n#0 C:\\xampp\\htdocs\\website\\index.php(19): mysqli_query(Object(mysqli), 'INSERT INTO pro...')\n#1 {main}\n  thrown in C:\\xampp\\htdocs\\website\\index.php on line 19, referer: http://localhost/website/index.php
[Tue Jul 23 10:24:04.498454 2024] [php:error] [pid 3652:tid 1852] [client ::1:50185] PHP Fatal error:  Uncaught mysqli_sql_exception: Unknown column 'user' in 'field list' in C:\\xampp\\htdocs\\website\\index.php:19\nStack trace:\n#0 C:\\xampp\\htdocs\\website\\index.php(19): mysqli_query(Object(mysqli), 'INSERT INTO pro...')\n#1 {main}\n  thrown in C:\\xampp\\htdocs\\website\\index.php on line 19, referer: http://localhost/website/index.php
[Tue Jul 23 16:57:55.008995 2024] [ssl:warn] [pid 10168:tid 424] AH01909: www.example.com:443:0 server certificate does NOT include an ID which matches the server name
[Tue Jul 23 16:57:55.049227 2024] [core:warn] [pid 10168:tid 424] AH00098: pid file C:/xampp/apache/logs/httpd.pid overwritten -- Unclean shutdown of previous Apache run?
[Tue Jul 23 16:57:55.049227 2024] [ssl:warn] [pid 10168:tid 424] AH01909: www.example.com:443:0 server certificate does NOT include an ID which matches the server name
[Tue Jul 23 16:57:55.097196 2024] [mpm_winnt:notice] [pid 10168:tid 424] AH00455: Apache/2.4.58 (Win64) OpenSSL/3.1.3 PHP/8.2.12 configured -- resuming normal operations
[Tue Jul 23 16:57:55.097196 2024] [mpm_winnt:notice] [pid 10168:tid 424] AH00456: Apache Lounge VS17 Server built: Oct 18 2023 13:03:18
[Tue Jul 23 16:57:55.097196 2024] [core:notice] [pid 10168:tid 424] AH00094: Command line: 'c:\\xampp\\apache\\bin\\httpd.exe -d C:/xampp/apache'
[Tue Jul 23 16:57:55.105191 2024] [mpm_winnt:notice] [pid 10168:tid 424] AH00418: Parent: Created child process 9056
[Tue Jul 23 16:57:55.369836 2024] [ssl:warn] [pid 9056:tid 440] AH01909: www.example.com:443:0 server certificate does NOT include an ID which matches the server name
[Tue Jul 23 16:57:55.409810 2024] [ssl:warn] [pid 9056:tid 440] AH01909: www.example.com:443:0 server certificate does NOT include an ID which matches the server name
[Tue Jul 23 16:57:55.442028 2024] [mpm_winnt:notice] [pid 9056:tid 440] AH00354: Child: Starting 150 worker threads.
[Tue Jul 23 17:57:56.274203 2024] [ssl:warn] [pid 17888:tid 424] AH01909: www.example.com:443:0 server certificate does NOT include an ID which matches the server name
[Tue Jul 23 17:57:56.317358 2024] [core:warn] [pid 17888:tid 424] AH00098: pid file C:/xampp/apache/logs/httpd.pid overwritten -- Unclean shutdown of previous Apache run?
[Tue Jul 23 17:57:56.317358 2024] [ssl:warn] [pid 17888:tid 424] AH01909: www.example.com:443:0 server certificate does NOT include an ID which matches the server name
[Tue Jul 23 17:57:56.356917 2024] [mpm_winnt:notice] [pid 17888:tid 424] AH00455: Apache/2.4.58 (Win64) OpenSSL/3.1.3 PHP/8.2.12 configured -- resuming normal operations
[Tue Jul 23 17:57:56.356917 2024] [mpm_winnt:notice] [pid 17888:tid 424] AH00456: Apache Lounge VS17 Server built: Oct 18 2023 13:03:18
[Tue Jul 23 17:57:56.356917 2024] [core:notice] [pid 17888:tid 424] AH00094: Command line: 'c:\\xampp\\apache\\bin\\httpd.exe -d C:/xampp/apache'
[Tue Jul 23 17:57:56.361965 2024] [mpm_winnt:notice] [pid 17888:tid 424] AH00418: Parent: Created child process 9924
[Tue Jul 23 17:57:56.777279 2024] [ssl:warn] [pid 9924:tid 452] AH01909: www.example.com:443:0 server certificate does NOT include an ID which matches the server name
[Tue Jul 23 17:57:56.817648 2024] [ssl:warn] [pid 9924:tid 452] AH01909: www.example.com:443:0 server certificate does NOT include an ID which matches the server name
[Tue Jul 23 17:57:56.857005 2024] [mpm_winnt:notice] [pid 9924:tid 452] AH00354: Child: Starting 150 worker threads.
[Tue Jul 23 17:58:45.899524 2024] [php:error] [pid 9924:tid 1876] [client ::1:53927] PHP Fatal error:  Uncaught TypeError: mysqli_close(): Argument #1 ($mysql) must be of type mysqli, string given in C:\\xampp\\htdocs\\website\\index.php:76\nStack trace:\n#0 C:\\xampp\\htdocs\\website\\index.php(76): mysqli_close('')\n#1 {main}\n  thrown in C:\\xampp\\htdocs\\website\\index.php on line 76, referer: http://localhost/website/login.php
[Tue Jul 23 17:58:49.722686 2024] [php:error] [pid 9924:tid 1876] [client ::1:53927] PHP Fatal error:  Uncaught TypeError: mysqli_close(): Argument #1 ($mysql) must be of type mysqli, string given in C:\\xampp\\htdocs\\website\\index.php:76\nStack trace:\n#0 C:\\xampp\\htdocs\\website\\index.php(76): mysqli_close('')\n#1 {main}\n  thrown in C:\\xampp\\htdocs\\website\\index.php on line 76, referer: http://localhost/website/login.php
[Tue Jul 23 17:58:50.412326 2024] [php:error] [pid 9924:tid 1876] [client ::1:53927] PHP Fatal error:  Uncaught TypeError: mysqli_close(): Argument #1 ($mysql) must be of type mysqli, string given in C:\\xampp\\htdocs\\website\\index.php:76\nStack trace:\n#0 C:\\xampp\\htdocs\\website\\index.php(76): mysqli_close('')\n#1 {main}\n  thrown in C:\\xampp\\htdocs\\website\\index.php on line 76, referer: http://localhost/website/login.php
[Tue Jul 23 17:58:50.671548 2024] [php:error] [pid 9924:tid 1876] [client ::1:53927] PHP Fatal error:  Uncaught TypeError: mysqli_close(): Argument #1 ($mysql) must be of type mysqli, string given in C:\\xampp\\htdocs\\website\\index.php:76\nStack trace:\n#0 C:\\xampp\\htdocs\\website\\index.php(76): mysqli_close('')\n#1 {main}\n  thrown in C:\\xampp\\htdocs\\website\\index.php on line 76, referer: http://localhost/website/login.php
[Tue Jul 23 17:58:50.856664 2024] [php:error] [pid 9924:tid 1876] [client ::1:53927] PHP Fatal error:  Uncaught TypeError: mysqli_close(): Argument #1 ($mysql) must be of type mysqli, string given in C:\\xampp\\htdocs\\website\\index.php:76\nStack trace:\n#0 C:\\xampp\\htdocs\\website\\index.php(76): mysqli_close('')\n#1 {main}\n  thrown in C:\\xampp\\htdocs\\website\\index.php on line 76, referer: http://localhost/website/login.php
[Tue Jul 23 17:58:51.056506 2024] [php:error] [pid 9924:tid 1876] [client ::1:53927] PHP Fatal error:  Uncaught TypeError: mysqli_close(): Argument #1 ($mysql) must be of type mysqli, string given in C:\\xampp\\htdocs\\website\\index.php:76\nStack trace:\n#0 C:\\xampp\\htdocs\\website\\index.php(76): mysqli_close('')\n#1 {main}\n  thrown in C:\\xampp\\htdocs\\website\\index.php on line 76, referer: http://localhost/website/login.php
[Tue Jul 23 17:58:51.273042 2024] [php:error] [pid 9924:tid 1876] [client ::1:53927] PHP Fatal error:  Uncaught TypeError: mysqli_close(): Argument #1 ($mysql) must be of type mysqli, string given in C:\\xampp\\htdocs\\website\\index.php:76\nStack trace:\n#0 C:\\xampp\\htdocs\\website\\index.php(76): mysqli_close('')\n#1 {main}\n  thrown in C:\\xampp\\htdocs\\website\\index.php on line 76, referer: http://localhost/website/login.php
[Tue Jul 23 17:59:19.433335 2024] [php:error] [pid 9924:tid 1872] [client ::1:53928] PHP Fatal error:  Uncaught TypeError: mysqli_close(): Argument #1 ($mysql) must be of type mysqli, string given in C:\\xampp\\htdocs\\website\\index.php:31\nStack trace:\n#0 C:\\xampp\\htdocs\\website\\index.php(31): mysqli_close('')\n#1 {main}\n  thrown in C:\\xampp\\htdocs\\website\\index.php on line 31, referer: http://localhost/website/login.php
[Tue Jul 23 18:16:25.929473 2024] [php:error] [pid 9924:tid 1868] [client ::1:54130] PHP Fatal error:  Uncaught TypeError: mysqli_query(): Argument #1 ($mysql) must be of type mysqli, string given in C:\\xampp\\htdocs\\website\\index.php:19\nStack trace:\n#0 C:\\xampp\\htdocs\\website\\index.php(19): mysqli_query('', 'INSERT INTO pro...')\n#1 {main}\n  thrown in C:\\xampp\\htdocs\\website\\index.php on line 19, referer: http://localhost/website/index.php
[Tue Jul 23 18:16:56.805054 2024] [php:warn] [pid 9924:tid 1872] [client ::1:54141] PHP Warning:  Undefined variable $conn in C:\\xampp\\htdocs\\website\\login.php on line 85, referer: http://localhost/website/index.php
[Tue Jul 23 18:16:56.805054 2024] [php:error] [pid 9924:tid 1872] [client ::1:54141] PHP Fatal error:  Uncaught TypeError: mysqli_close(): Argument #1 ($mysql) must be of type mysqli, null given in C:\\xampp\\htdocs\\website\\login.php:85\nStack trace:\n#0 C:\\xampp\\htdocs\\website\\login.php(85): mysqli_close(NULL)\n#1 {main}\n  thrown in C:\\xampp\\htdocs\\website\\login.php on line 85, referer: http://localhost/website/index.php
[Tue Jul 23 19:36:51.986931 2024] [php:error] [pid 9924:tid 1876] [client ::1:54770] PHP Fatal error:  Uncaught mysqli_sql_exception: Nenhuma conex\xc3\xa3o p\xc3\xb4de ser feita porque a m\xc3\xa1quina de destino as recusou ativamente in C:\\xampp\\htdocs\\website\\data.php:10\nStack trace:\n#0 C:\\xampp\\htdocs\\website\\data.php(10): mysqli_connect('localhost', 'root', Object(SensitiveParameterValue), 'projetophp')\n#1 C:\\xampp\\htdocs\\website\\index.php(3): include('C:\\\\xampp\\\\htdocs...')\n#2 {main}\n  thrown in C:\\xampp\\htdocs\\website\\data.php on line 10, referer: http://localhost/website/login.php
[Tue Jul 23 19:36:52.640633 2024] [php:error] [pid 9924:tid 1872] [client ::1:54771] PHP Fatal error:  Uncaught mysqli_sql_exception: Nenhuma conex\xc3\xa3o p\xc3\xb4de ser feita porque a m\xc3\xa1quina de destino as recusou ativamente in C:\\xampp\\htdocs\\website\\data.php:10\nStack trace:\n#0 C:\\xampp\\htdocs\\website\\data.php(10): mysqli_connect('localhost', 'root', Object(SensitiveParameterValue), 'projetophp')\n#1 C:\\xampp\\htdocs\\website\\index.php(3): include('C:\\\\xampp\\\\htdocs...')\n#2 {main}\n  thrown in C:\\xampp\\htdocs\\website\\data.php on line 10, referer: http://localhost/website/login.php
[Tue Jul 23 20:12:33.907931 2024] [php:error] [pid 9924:tid 1832] [client ::1:55168] PHP Fatal error:  Uncaught mysqli_sql_exception: Table 'projetophp.projetophp' doesn't exist in C:\\xampp\\htdocs\\website\\index.php:17\nStack trace:\n#0 C:\\xampp\\htdocs\\website\\index.php(17): mysqli_query(Object(mysqli), 'INSERT INTO pro...')\n#1 {main}\n  thrown in C:\\xampp\\htdocs\\website\\index.php on line 17, referer: http://localhost/website/index.php
[Tue Jul 23 20:16:24.236713 2024] [php:error] [pid 9924:tid 1832] [client ::1:55254] PHP Fatal error:  Uncaught mysqli_sql_exception: Table 'projetophp.projetophp' doesn't exist in C:\\xampp\\htdocs\\website\\index.php:17\nStack trace:\n#0 C:\\xampp\\htdocs\\website\\index.php(17): mysqli_query(Object(mysqli), 'INSERT INTO pro...')\n#1 {main}\n  thrown in C:\\xampp\\htdocs\\website\\index.php on line 17, referer: http://localhost/website/index.php
[Tue Jul 23 20:18:59.723771 2024] [php:error] [pid 9924:tid 1848] [client ::1:55279] PHP Fatal error:  Uncaught mysqli_sql_exception: Unknown column 'nome' in 'field list' in C:\\xampp\\htdocs\\website\\index.php:69\nStack trace:\n#0 C:\\xampp\\htdocs\\website\\index.php(69): mysqli_query(Object(mysqli), 'INSERT INTO dat...')\n#1 {main}\n  thrown in C:\\xampp\\htdocs\\website\\index.php on line 69, referer: http://localhost/website/index.php
[Tue Jul 23 20:20:25.955372 2024] [php:warn] [pid 9924:tid 1876] [client ::1:55323] PHP Warning:  include(header.html): Failed to open stream: No such file or directory in C:\\xampp\\htdocs\\website\\home.php on line 3, referer: http://localhost/website/login.php
[Tue Jul 23 20:20:25.955372 2024] [php:warn] [pid 9924:tid 1876] [client ::1:55323] PHP Warning:  include(): Failed opening 'header.html' for inclusion (include_path='C:\\xampp\\php\\PEAR') in C:\\xampp\\htdocs\\website\\home.php on line 3, referer: http://localhost/website/login.php
[Tue Jul 23 20:20:25.968338 2024] [php:error] [pid 9924:tid 1876] [client ::1:55323] PHP Fatal error:  Uncaught mysqli_sql_exception: Table 'projetophp.projetodb' doesn't exist in C:\\xampp\\htdocs\\website\\home.php:9\nStack trace:\n#0 C:\\xampp\\htdocs\\website\\home.php(9): mysqli_query(Object(mysqli), 'SELECT * FROM p...')\n#1 {main}\n  thrown in C:\\xampp\\htdocs\\website\\home.php on line 9, referer: http://localhost/website/login.php
[Tue Jul 23 20:22:05.889535 2024] [php:error] [pid 9924:tid 1872] [client ::1:55370] PHP Fatal error:  Uncaught mysqli_sql_exception: Unknown column 'nome' in 'field list' in C:\\xampp\\htdocs\\website\\index.php:69\nStack trace:\n#0 C:\\xampp\\htdocs\\website\\index.php(69): mysqli_query(Object(mysqli), 'INSERT INTO dat...')\n#1 {main}\n  thrown in C:\\xampp\\htdocs\\website\\index.php on line 69, referer: http://localhost/website/index.php
[Tue Jul 23 20:22:13.494253 2024] [php:error] [pid 9924:tid 1832] [client ::1:55377] PHP Fatal error:  Uncaught mysqli_sql_exception: Duplicate entry '' for key 'email' in C:\\xampp\\htdocs\\website\\index.php:17\nStack trace:\n#0 C:\\xampp\\htdocs\\website\\index.php(17): mysqli_query(Object(mysqli), 'INSERT INTO dat...')\n#1 {main}\n  thrown in C:\\xampp\\htdocs\\website\\index.php on line 17, referer: http://localhost/website/index.php
[Tue Jul 23 20:24:09.628705 2024] [php:error] [pid 9924:tid 1876] [client ::1:55461] PHP Fatal error:  Uncaught mysqli_sql_exception: Duplicate entry '' for key 'email' in C:\\xampp\\htdocs\\website\\index.php:69\nStack trace:\n#0 C:\\xampp\\htdocs\\website\\index.php(69): mysqli_query(Object(mysqli), 'INSERT INTO dat...')\n#1 {main}\n  thrown in C:\\xampp\\htdocs\\website\\index.php on line 69, referer: http://localhost/website/index.php
[Tue Jul 23 20:25:46.395539 2024] [php:error] [pid 9924:tid 1832] [client ::1:55471] PHP Fatal error:  Uncaught mysqli_sql_exception: Duplicate entry '' for key 'email' in C:\\xampp\\htdocs\\website\\index.php:17\nStack trace:\n#0 C:\\xampp\\htdocs\\website\\index.php(17): mysqli_query(Object(mysqli), 'INSERT INTO dat...')\n#1 {main}\n  thrown in C:\\xampp\\htdocs\\website\\index.php on line 17, referer: http://localhost/website/index.php
[Tue Jul 23 20:25:47.434892 2024] [php:error] [pid 9924:tid 1832] [client ::1:55471] PHP Fatal error:  Uncaught mysqli_sql_exception: Duplicate entry '' for key 'email' in C:\\xampp\\htdocs\\website\\index.php:17\nStack trace:\n#0 C:\\xampp\\htdocs\\website\\index.php(17): mysqli_query(Object(mysqli), 'INSERT INTO dat...')\n#1 {main}\n  thrown in C:\\xampp\\htdocs\\website\\index.php on line 17, referer: http://localhost/website/index.php
[Tue Jul 23 20:26:14.146100 2024] [php:error] [pid 9924:tid 1832] [client ::1:55479] PHP Fatal error:  Uncaught mysqli_sql_exception: Duplicate entry '' for key 'email' in C:\\xampp\\htdocs\\website\\index.php:17\nStack trace:\n#0 C:\\xampp\\htdocs\\website\\index.php(17): mysqli_query(Object(mysqli), 'INSERT INTO dat...')\n#1 {main}\n  thrown in C:\\xampp\\htdocs\\website\\index.php on line 17, referer: http://localhost/website/index.php
[Tue Jul 23 20:27:21.550258 2024] [php:error] [pid 9924:tid 1876] [client ::1:55491] PHP Fatal error:  Uncaught mysqli_sql_exception: Duplicate entry '' for key 'email' in C:\\xampp\\htdocs\\website\\index.php:17\nStack trace:\n#0 C:\\xampp\\htdocs\\website\\index.php(17): mysqli_query(Object(mysqli), 'INSERT INTO dat...')\n#1 {main}\n  thrown in C:\\xampp\\htdocs\\website\\index.php on line 17, referer: http://localhost/website/index.php
[Tue Jul 23 20:31:45.368541 2024] [php:error] [pid 9924:tid 1832] [client ::1:55517] PHP Parse error:  Unterminated comment starting line 56 in C:\\xampp\\htdocs\\website\\index.php on line 56
[Tue Jul 23 20:35:56.452638 2024] [php:error] [pid 9924:tid 1832] [client ::1:55543] PHP Fatal error:  Uncaught mysqli_sql_exception: Duplicate entry '' for key 'email' in C:\\xampp\\htdocs\\website\\index.php:17\nStack trace:\n#0 C:\\xampp\\htdocs\\website\\index.php(17): mysqli_query(Object(mysqli), 'INSERT INTO dat...')\n#1 {main}\n  thrown in C:\\xampp\\htdocs\\website\\index.php on line 17, referer: http://localhost/website/index.php
[Tue Jul 23 20:40:17.841035 2024] [php:warn] [pid 9924:tid 1848] [client ::1:55613] PHP Warning:  include(header.html): Failed to open stream: No such file or directory in C:\\xampp\\htdocs\\website\\home.php on line 3, referer: http://localhost/website/login.php
[Tue Jul 23 20:40:17.841035 2024] [php:warn] [pid 9924:tid 1848] [client ::1:55613] PHP Warning:  include(): Failed opening 'header.html' for inclusion (include_path='C:\\xampp\\php\\PEAR') in C:\\xampp\\htdocs\\website\\home.php on line 3, referer: http://localhost/website/login.php
[Tue Jul 23 20:40:17.849030 2024] [php:error] [pid 9924:tid 1848] [client ::1:55613] PHP Fatal error:  Uncaught mysqli_sql_exception: Table 'data.php' doesn't exist in C:\\xampp\\htdocs\\website\\home.php:9\nStack trace:\n#0 C:\\xampp\\htdocs\\website\\home.php(9): mysqli_query(Object(mysqli), 'SELECT * FROM d...')\n#1 {main}\n  thrown in C:\\xampp\\htdocs\\website\\home.php on line 9, referer: http://localhost/website/login.php
[Tue Jul 23 20:43:26.852343 2024] [php:error] [pid 9924:tid 1872] [client ::1:55632] PHP Fatal error:  Uncaught mysqli_sql_exception: Duplicate entry '' for key 'email' in C:\\xampp\\htdocs\\website\\index.php:17\nStack trace:\n#0 C:\\xampp\\htdocs\\website\\index.php(17): mysqli_query(Object(mysqli), 'INSERT INTO dat...')\n#1 {main}\n  thrown in C:\\xampp\\htdocs\\website\\index.php on line 17, referer: http://localhost/website/index.php
[Tue Jul 23 20:50:58.094725 2024] [php:error] [pid 9924:tid 1872] [client ::1:55767] PHP Fatal error:  Uncaught mysqli_sql_exception: Duplicate entry '' for key 'email' in C:\\xampp\\htdocs\\website\\index.php:17\nStack trace:\n#0 C:\\xampp\\htdocs\\website\\index.php(17): mysqli_query(Object(mysqli), 'INSERT INTO dat...')\n#1 {main}\n  thrown in C:\\xampp\\htdocs\\website\\index.php on line 17, referer: http://localhost/website/index.php
[Tue Jul 23 21:27:36.165780 2024] [php:error] [pid 9924:tid 1872] [client ::1:56014] PHP Fatal error:  Uncaught mysqli_sql_exception: Unknown column 'nome' in 'field list' in C:\\xampp\\htdocs\\website\\index.php:69\nStack trace:\n#0 C:\\xampp\\htdocs\\website\\index.php(69): mysqli_query(Object(mysqli), 'INSERT INTO dat...')\n#1 {main}\n  thrown in C:\\xampp\\htdocs\\website\\index.php on line 69, referer: http://localhost/website/index.php
[Tue Jul 23 21:30:30.343900 2024] [php:error] [pid 9924:tid 1872] [client ::1:56063] PHP Fatal error:  Uncaught mysqli_sql_exception: Duplicate entry '' for key 'email' in C:\\xampp\\htdocs\\website\\index.php:17\nStack trace:\n#0 C:\\xampp\\htdocs\\website\\index.php(17): mysqli_query(Object(mysqli), 'INSERT INTO dat...')\n#1 {main}\n  thrown in C:\\xampp\\htdocs\\website\\index.php on line 17, referer: http://localhost/website/index.php
[Tue Jul 23 21:56:39.752897 2024] [php:error] [pid 9924:tid 1848] [client ::1:56390] PHP Fatal error:  Uncaught mysqli_sql_exception: Unknown column 'nome' in 'field list' in C:\\xampp\\htdocs\\website\\index.php:69\nStack trace:\n#0 C:\\xampp\\htdocs\\website\\index.php(69): mysqli_query(Object(mysqli), 'INSERT INTO dat...')\n#1 {main}\n  thrown in C:\\xampp\\htdocs\\website\\index.php on line 69, referer: http://localhost/website/index.php
[Tue Jul 23 23:54:33.779146 2024] [php:notice] [pid 9924:tid 1876] [client ::1:57442] PHP Notice:  session_start(): Ignoring session_start() because a session is already active in C:\\xampp\\htdocs\\website\\login.php on line 73, referer: http://localhost/website/index.php
[Wed Jul 24 00:08:25.210883 2024] [php:error] [pid 9924:tid 1832] [client ::1:57644] PHP Fatal error:  Uncaught mysqli_sql_exception: Unknown column 'username' in 'field list' in C:\\xampp\\htdocs\\website\\login.php:26\nStack trace:\n#0 C:\\xampp\\htdocs\\website\\login.php(26): mysqli_prepare(Object(mysqli), 'INSERT INTO dat...')\n#1 {main}\n  thrown in C:\\xampp\\htdocs\\website\\login.php on line 26, referer: http://localhost/website/login.php
[Wed Jul 24 00:11:14.156423 2024] [php:error] [pid 9924:tid 1848] [client ::1:57656] PHP Fatal error:  Uncaught mysqli_sql_exception: Unknown column 'username' in 'field list' in C:\\xampp\\htdocs\\website\\login.php:26\nStack trace:\n#0 C:\\xampp\\htdocs\\website\\login.php(26): mysqli_prepare(Object(mysqli), 'INSERT INTO dat...')\n#1 {main}\n  thrown in C:\\xampp\\htdocs\\website\\login.php on line 26, referer: http://localhost/website/login.php
[Wed Jul 24 00:11:14.755604 2024] [php:error] [pid 9924:tid 1848] [client ::1:57656] PHP Fatal error:  Uncaught mysqli_sql_exception: Unknown column 'username' in 'field list' in C:\\xampp\\htdocs\\website\\login.php:26\nStack trace:\n#0 C:\\xampp\\htdocs\\website\\login.php(26): mysqli_prepare(Object(mysqli), 'INSERT INTO dat...')\n#1 {main}\n  thrown in C:\\xampp\\htdocs\\website\\login.php on line 26, referer: http://localhost/website/login.php
[Wed Jul 24 00:11:21.699277 2024] [php:error] [pid 9924:tid 1832] [client ::1:57657] PHP Fatal error:  Uncaught mysqli_sql_exception: Unknown column 'username' in 'field list' in C:\\xampp\\htdocs\\website\\login.php:26\nStack trace:\n#0 C:\\xampp\\htdocs\\website\\login.php(26): mysqli_prepare(Object(mysqli), 'INSERT INTO dat...')\n#1 {main}\n  thrown in C:\\xampp\\htdocs\\website\\login.php on line 26, referer: http://localhost/website/login.php
[Wed Jul 24 00:12:28.769471 2024] [php:error] [pid 9924:tid 1876] [client ::1:57687] PHP Fatal error:  Uncaught mysqli_sql_exception: Unknown column 'username' in 'field list' in C:\\xampp\\htdocs\\website\\login.php:26\nStack trace:\n#0 C:\\xampp\\htdocs\\website\\login.php(26): mysqli_prepare(Object(mysqli), 'INSERT INTO dat...')\n#1 {main}\n  thrown in C:\\xampp\\htdocs\\website\\login.php on line 26, referer: http://localhost/website/login.php
[Wed Jul 24 00:18:21.754670 2024] [php:error] [pid 9924:tid 1832] [client ::1:57729] PHP Fatal error:  Uncaught ValueError: mysqli_stmt_bind_param(): Argument #2 ($types) cannot be empty in C:\\xampp\\htdocs\\website\\login.php:30\nStack trace:\n#0 C:\\xampp\\htdocs\\website\\login.php(30): mysqli_stmt_bind_param(Object(mysqli_stmt), '', 'Sono@gmail.com', '$2y$10$im/j6s03...', 'Sono', '86183222', 'Rua Joana d&#39...', 'Jardim Liberdad...', 'Camb\\xC3\\xA9', 'PR')\n#1 {main}\n  thrown in C:\\xampp\\htdocs\\website\\login.php on line 30, referer: http://localhost/website/login.php
[Wed Jul 24 07:57:29.021109 2024] [ssl:warn] [pid 14408:tid 436] AH01909: www.example.com:443:0 server certificate does NOT include an ID which matches the server name
[Wed Jul 24 07:57:29.061317 2024] [core:warn] [pid 14408:tid 436] AH00098: pid file C:/xampp/apache/logs/httpd.pid overwritten -- Unclean shutdown of previous Apache run?
[Wed Jul 24 07:57:29.061317 2024] [ssl:warn] [pid 14408:tid 436] AH01909: www.example.com:443:0 server certificate does NOT include an ID which matches the server name
[Wed Jul 24 07:57:29.568611 2024] [mpm_winnt:notice] [pid 14408:tid 436] AH00455: Apache/2.4.58 (Win64) OpenSSL/3.1.3 PHP/8.2.12 configured -- resuming normal operations
[Wed Jul 24 07:57:29.568611 2024] [mpm_winnt:notice] [pid 14408:tid 436] AH00456: Apache Lounge VS17 Server built: Oct 18 2023 13:03:18
[Wed Jul 24 07:57:29.568611 2024] [core:notice] [pid 14408:tid 436] AH00094: Command line: 'c:\\xampp\\apache\\bin\\httpd.exe -d C:/xampp/apache'
[Wed Jul 24 07:57:29.568611 2024] [mpm_winnt:notice] [pid 14408:tid 436] AH00418: Parent: Created child process 13088
[Wed Jul 24 07:57:29.937837 2024] [ssl:warn] [pid 13088:tid 428] AH01909: www.example.com:443:0 server certificate does NOT include an ID which matches the server name
[Wed Jul 24 07:57:29.977846 2024] [ssl:warn] [pid 13088:tid 428] AH01909: www.example.com:443:0 server certificate does NOT include an ID which matches the server name
[Wed Jul 24 07:57:30.010026 2024] [mpm_winnt:notice] [pid 13088:tid 428] AH00354: Child: Starting 150 worker threads.
[Wed Jul 24 08:31:12.971588 2024] [php:error] [pid 13088:tid 1828] [client ::1:59218] script 'C:/xampp/htdocs/website/redacte.php' not found or unable to stat
[Wed Jul 24 08:31:30.182592 2024] [php:error] [pid 13088:tid 1836] [client ::1:59219] PHP Fatal error:  Uncaught ValueError: Path cannot be empty in C:\\xampp\\htdocs\\website\\redacted.php:3\nStack trace:\n#0 {main}\n  thrown in C:\\xampp\\htdocs\\website\\redacted.php on line 3
[Wed Jul 24 08:31:37.161886 2024] [php:warn] [pid 13088:tid 1828] [client ::1:59221] PHP Warning:  Undefined variable $username in C:\\xampp\\htdocs\\website\\redacted.php on line 44
[Wed Jul 24 08:31:37.161886 2024] [php:warn] [pid 13088:tid 1828] [client ::1:59221] PHP Warning:  foreach() argument must be of type array|object, null given in C:\\xampp\\htdocs\\website\\redacted.php on line 44
[Wed Jul 24 08:32:13.881980 2024] [php:warn] [pid 13088:tid 1836] [client ::1:59225] PHP Warning:  Undefined variable $username in C:\\xampp\\htdocs\\website\\redacted.php on line 44
[Wed Jul 24 08:32:13.881980 2024] [php:warn] [pid 13088:tid 1836] [client ::1:59225] PHP Warning:  foreach() argument must be of type array|object, null given in C:\\xampp\\htdocs\\website\\redacted.php on line 44
[Wed Jul 24 08:32:17.354752 2024] [php:warn] [pid 13088:tid 1828] [client ::1:59226] PHP Warning:  Undefined variable $username in C:\\xampp\\htdocs\\website\\redacted.php on line 37
[Wed Jul 24 08:32:17.354752 2024] [php:warn] [pid 13088:tid 1828] [client ::1:59226] PHP Warning:  foreach() argument must be of type array|object, null given in C:\\xampp\\htdocs\\website\\redacted.php on line 37
[Wed Jul 24 09:05:29.755327 2024] [php:warn] [pid 13088:tid 1836] [client ::1:59577] PHP Warning:  Undefined global variable $_SESSION in C:\\xampp\\htdocs\\website\\redacted.php on line 32, referer: http://localhost/website/index.php
[Wed Jul 24 09:05:29.755327 2024] [php:warn] [pid 13088:tid 1836] [client ::1:59577] PHP Warning:  Trying to access array offset on value of type null in C:\\xampp\\htdocs\\website\\redacted.php on line 32, referer: http://localhost/website/index.php
[Wed Jul 24 09:05:29.755327 2024] [php:warn] [pid 13088:tid 1836] [client ::1:59577] PHP Warning:  Undefined global variable $_SESSION in C:\\xampp\\htdocs\\website\\redacted.php on line 33, referer: http://localhost/website/index.php
[Wed Jul 24 09:05:29.755327 2024] [php:warn] [pid 13088:tid 1836] [client ::1:59577] PHP Warning:  Trying to access array offset on value of type null in C:\\xampp\\htdocs\\website\\redacted.php on line 33, referer: http://localhost/website/index.php
[Wed Jul 24 09:33:50.578637 2024] [php:warn] [pid 13088:tid 1836] [client ::1:59785] PHP Warning:  Undefined variable $usuario in C:\\xampp\\htdocs\\website\\redacted.php on line 23
[Wed Jul 24 09:34:05.988864 2024] [php:warn] [pid 13088:tid 1848] [client ::1:59786] PHP Warning:  Undefined variable $usuario in C:\\xampp\\htdocs\\website\\redacted.php on line 23
[Wed Jul 24 09:34:08.148942 2024] [php:warn] [pid 13088:tid 1836] [client ::1:59794] PHP Warning:  Undefined variable $usuario in C:\\xampp\\htdocs\\website\\redacted.php on line 23
[Wed Jul 24 09:34:08.148942 2024] [php:warn] [pid 13088:tid 1836] [client ::1:59794] PHP Warning:  Undefined variable $senha in C:\\xampp\\htdocs\\website\\redacted.php on line 23
[Wed Jul 24 09:35:24.048688 2024] [php:warn] [pid 13088:tid 1848] [client ::1:59803] PHP Warning:  Undefined variable $usuario in C:\\xampp\\htdocs\\website\\redacted.php on line 23, referer: http://localhost/website/index.php
[Wed Jul 24 09:35:24.048688 2024] [php:warn] [pid 13088:tid 1848] [client ::1:59803] PHP Warning:  Undefined variable $senha in C:\\xampp\\htdocs\\website\\redacted.php on line 23, referer: http://localhost/website/index.php
[Wed Jul 24 09:36:21.870322 2024] [php:error] [pid 13088:tid 1848] [client ::1:59817] PHP Fatal error:  Uncaught mysqli_sql_exception: Duplicate entry '' for key 'userAdm' in C:\\xampp\\htdocs\\website\\login.php:35\nStack trace:\n#0 C:\\xampp\\htdocs\\website\\login.php(35): mysqli_stmt_execute(Object(mysqli_stmt))\n#1 {main}\n  thrown in C:\\xampp\\htdocs\\website\\login.php on line 35, referer: http://localhost/website/login.php
[Wed Jul 24 09:44:11.389876 2024] [php:error] [pid 13088:tid 1848] [client ::1:59878] PHP Fatal error:  Uncaught mysqli_sql_exception: Duplicate entry '' for key 'userAdm' in C:\\xampp\\htdocs\\website\\login.php:35\nStack trace:\n#0 C:\\xampp\\htdocs\\website\\login.php(35): mysqli_stmt_execute(Object(mysqli_stmt))\n#1 {main}\n  thrown in C:\\xampp\\htdocs\\website\\login.php on line 35, referer: http://localhost/website/login.php
[Wed Jul 24 09:59:50.101239 2024] [php:warn] [pid 13088:tid 1836] [client ::1:60235] PHP Warning:  Undefined variable $usuario in C:\\xampp\\htdocs\\website\\redacted.php on line 23, referer: http://localhost/website/index.php
[Wed Jul 24 09:59:50.101239 2024] [php:warn] [pid 13088:tid 1836] [client ::1:60235] PHP Warning:  Undefined variable $senha in C:\\xampp\\htdocs\\website\\redacted.php on line 23, referer: http://localhost/website/index.php
[Wed Jul 24 10:01:48.231516 2024] [php:warn] [pid 13088:tid 1848] [client ::1:60245] PHP Warning:  Undefined variable $user in C:\\xampp\\htdocs\\website\\redacted.php on line 24, referer: http://localhost/website/index.php
[Wed Jul 24 10:01:48.231516 2024] [php:warn] [pid 13088:tid 1848] [client ::1:60245] PHP Warning:  Undefined variable $password in C:\\xampp\\htdocs\\website\\redacted.php on line 24, referer: http://localhost/website/index.php
[Wed Jul 24 10:04:49.341248 2024] [php:error] [pid 13088:tid 1848] [client ::1:60268] script 'C:/xampp/htdocs/website/excluir_registro.php' not found or unable to stat, referer: http://localhost/website/redacted.php
[Wed Jul 24 10:46:03.710681 2024] [php:error] [pid 13088:tid 1836] [client ::1:60479] script 'C:/xampp/htdocs/website/excluir_registro.php' not found or unable to stat, referer: http://localhost/website/redacted.php
[Wed Jul 24 11:09:04.567786 2024] [php:error] [pid 13088:tid 1836] [client ::1:60587] script 'C:/xampp/htdocs/website/cadastro.php' not found or unable to stat, referer: http://localhost/website/index.php
[Wed Jul 24 11:16:30.626663 2024] [php:warn] [pid 13088:tid 1836] [client ::1:60715] PHP Warning:  Undefined array key "userAdm" in C:\\xampp\\htdocs\\website\\excluir_registro.php on line 39, referer: http://localhost/website/excluir_registro.php
[Wed Jul 24 11:17:20.935299 2024] [php:warn] [pid 13088:tid 1820] [client ::1:60717] PHP Warning:  Undefined array key "userAdm" in C:\\xampp\\htdocs\\website\\excluir_registro.php on line 39, referer: http://localhost/website/excluir_registro.php
[Wed Jul 24 11:17:24.682648 2024] [php:warn] [pid 13088:tid 1820] [client ::1:60717] PHP Warning:  Undefined array key "userAdm" in C:\\xampp\\htdocs\\website\\excluir_registro.php on line 39, referer: http://localhost/website/excluir_registro.php
[Wed Jul 24 11:26:31.947529 2024] [php:warn] [pid 13088:tid 1820] [client ::1:60828] PHP Warning:  Undefined array key "userAdm" in C:\\xampp\\htdocs\\website\\excluir_registro.php on line 39, referer: http://localhost/website/excluir_registro.php
[Wed Jul 24 11:29:43.278223 2024] [php:warn] [pid 13088:tid 1848] [client ::1:60837] PHP Warning:  Undefined array key "userAdm" in C:\\xampp\\htdocs\\website\\excluir_registro.php on line 39, referer: http://localhost/website/excluir_registro.php
[Wed Jul 24 11:52:57.185980 2024] [php:warn] [pid 13088:tid 1836] [client ::1:61102] PHP Warning:  Undefined array key "userAdm" in C:\\xampp\\htdocs\\website\\excluir_registro.php on line 37, referer: http://localhost/website/excluir_registro.php
[Wed Jul 31 08:54:54.119498 2024] [ssl:warn] [pid 17292:tid 436] AH01909: www.example.com:443:0 server certificate does NOT include an ID which matches the server name
[Wed Jul 31 08:54:54.177197 2024] [core:warn] [pid 17292:tid 436] AH00098: pid file C:/xampp/apache/logs/httpd.pid overwritten -- Unclean shutdown of previous Apache run?
[Wed Jul 31 08:54:54.177197 2024] [ssl:warn] [pid 17292:tid 436] AH01909: www.example.com:443:0 server certificate does NOT include an ID which matches the server name
[Wed Jul 31 08:54:54.688277 2024] [mpm_winnt:notice] [pid 17292:tid 436] AH00455: Apache/2.4.58 (Win64) OpenSSL/3.1.3 PHP/8.2.12 configured -- resuming normal operations
[Wed Jul 31 08:54:54.688277 2024] [mpm_winnt:notice] [pid 17292:tid 436] AH00456: Apache Lounge VS17 Server built: Oct 18 2023 13:03:18
[Wed Jul 31 08:54:54.688277 2024] [core:notice] [pid 17292:tid 436] AH00094: Command line: 'c:\\xampp\\apache\\bin\\httpd.exe -d C:/xampp/apache'
[Wed Jul 31 08:54:54.688277 2024] [mpm_winnt:notice] [pid 17292:tid 436] AH00418: Parent: Created child process 19176
[Wed Jul 31 08:54:55.083982 2024] [ssl:warn] [pid 19176:tid 436] AH01909: www.example.com:443:0 server certificate does NOT include an ID which matches the server name
[Wed Jul 31 08:54:55.117187 2024] [ssl:warn] [pid 19176:tid 436] AH01909: www.example.com:443:0 server certificate does NOT include an ID which matches the server name
[Wed Jul 31 08:54:55.158125 2024] [mpm_winnt:notice] [pid 19176:tid 436] AH00354: Child: Starting 150 worker threads.
[Wed Jul 31 09:53:47.684644 2024] [php:warn] [pid 19176:tid 1788] [client ::1:55865] PHP Warning:  Undefined array key "userAdm" in C:\\xampp\\htdocs\\website\\excluir_registro.php on line 37, referer: http://localhost/website/excluir_registro.php
[Wed Jul 31 15:35:13.338580 2024] [php:warn] [pid 19176:tid 1804] [client ::1:61389] PHP Warning:  Undefined array key "userAdm" in C:\\xampp\\htdocs\\website\\excluir_registro.php on line 43, referer: http://localhost/website/excluir_registro.php
[Wed Jul 31 15:35:14.257960 2024] [php:warn] [pid 19176:tid 1804] [client ::1:61389] PHP Warning:  Undefined array key "userAdm" in C:\\xampp\\htdocs\\website\\excluir_registro.php on line 43, referer: http://localhost/website/excluir_registro.php
[Wed Jul 31 15:35:15.208231 2024] [php:warn] [pid 19176:tid 1804] [client ::1:61389] PHP Warning:  Undefined array key "userAdm" in C:\\xampp\\htdocs\\website\\excluir_registro.php on line 43, referer: http://localhost/website/excluir_registro.php
[Wed Jul 31 16:08:33.448373 2024] [php:error] [pid 19176:tid 1804] [client ::1:61577] PHP Parse error:  Unclosed '{' on line 62 in C:\\xampp\\htdocs\\website\\redacted.php on line 76, referer: http://localhost/website/index.php
[Mon Aug 12 09:38:12.912584 2024] [ssl:warn] [pid 17168:tid 436] AH01909: www.example.com:443:0 server certificate does NOT include an ID which matches the server name
[Mon Aug 12 09:38:13.056296 2024] [core:warn] [pid 17168:tid 436] AH00098: pid file C:/xampp/apache/logs/httpd.pid overwritten -- Unclean shutdown of previous Apache run?
[Mon Aug 12 09:38:13.063317 2024] [ssl:warn] [pid 17168:tid 436] AH01909: www.example.com:443:0 server certificate does NOT include an ID which matches the server name
[Mon Aug 12 09:38:19.652767 2024] [mpm_winnt:notice] [pid 17168:tid 436] AH00455: Apache/2.4.58 (Win64) OpenSSL/3.1.3 PHP/8.2.12 configured -- resuming normal operations
[Mon Aug 12 09:38:19.652767 2024] [mpm_winnt:notice] [pid 17168:tid 436] AH00456: Apache Lounge VS17 Server built: Oct 18 2023 13:03:18
[Mon Aug 12 09:38:19.652767 2024] [core:notice] [pid 17168:tid 436] AH00094: Command line: 'c:\\xampp\\apache\\bin\\httpd.exe -d C:/xampp/apache'
[Mon Aug 12 09:38:19.659780 2024] [mpm_winnt:notice] [pid 17168:tid 436] AH00418: Parent: Created child process 10360
[Mon Aug 12 09:38:20.633896 2024] [ssl:warn] [pid 10360:tid 468] AH01909: www.example.com:443:0 server certificate does NOT include an ID which matches the server name
[Mon Aug 12 09:38:20.673719 2024] [ssl:warn] [pid 10360:tid 468] AH01909: www.example.com:443:0 server certificate does NOT include an ID which matches the server name
[Mon Aug 12 09:38:20.714877 2024] [mpm_winnt:notice] [pid 10360:tid 468] AH00354: Child: Starting 150 worker threads.
[Wed Aug 21 14:42:02.875052 2024] [ssl:warn] [pid 20224:tid 440] AH01909: www.example.com:443:0 server certificate does NOT include an ID which matches the server name
[Wed Aug 21 14:42:02.944811 2024] [core:warn] [pid 20224:tid 440] AH00098: pid file C:/xampp/apache/logs/httpd.pid overwritten -- Unclean shutdown of previous Apache run?
[Wed Aug 21 14:42:02.950792 2024] [ssl:warn] [pid 20224:tid 440] AH01909: www.example.com:443:0 server certificate does NOT include an ID which matches the server name
[Wed Aug 21 14:42:03.675354 2024] [mpm_winnt:notice] [pid 20224:tid 440] AH00455: Apache/2.4.58 (Win64) OpenSSL/3.1.3 PHP/8.2.12 configured -- resuming normal operations
[Wed Aug 21 14:42:03.675354 2024] [mpm_winnt:notice] [pid 20224:tid 440] AH00456: Apache Lounge VS17 Server built: Oct 18 2023 13:03:18
[Wed Aug 21 14:42:03.675354 2024] [core:notice] [pid 20224:tid 440] AH00094: Command line: 'c:\\xampp\\apache\\bin\\httpd.exe -d C:/xampp/apache'
[Wed Aug 21 14:42:03.680399 2024] [mpm_winnt:notice] [pid 20224:tid 440] AH00418: Parent: Created child process 7336
[Wed Aug 21 14:42:03.928529 2024] [ssl:warn] [pid 7336:tid 428] AH01909: www.example.com:443:0 server certificate does NOT include an ID which matches the server name
[Wed Aug 21 14:42:03.981609 2024] [ssl:warn] [pid 7336:tid 428] AH01909: www.example.com:443:0 server certificate does NOT include an ID which matches the server name
[Wed Aug 21 14:42:04.020046 2024] [mpm_winnt:notice] [pid 7336:tid 428] AH00354: Child: Starting 150 worker threads.
[Mon Oct 28 14:27:44.694907 2024] [ssl:warn] [pid 7520:tid 424] AH01909: www.example.com:443:0 server certificate does NOT include an ID which matches the server name
[Mon Oct 28 14:27:44.728270 2024] [core:warn] [pid 7520:tid 424] AH00098: pid file C:/xampp/apache/logs/httpd.pid overwritten -- Unclean shutdown of previous Apache run?
[Mon Oct 28 14:27:44.736607 2024] [ssl:warn] [pid 7520:tid 424] AH01909: www.example.com:443:0 server certificate does NOT include an ID which matches the server name
[Mon Oct 28 14:27:45.365469 2024] [mpm_winnt:notice] [pid 7520:tid 424] AH00455: Apache/2.4.58 (Win64) OpenSSL/3.1.3 PHP/8.2.12 configured -- resuming normal operations
[Mon Oct 28 14:27:45.365469 2024] [mpm_winnt:notice] [pid 7520:tid 424] AH00456: Apache Lounge VS17 Server built: Oct 18 2023 13:03:18
[Mon Oct 28 14:27:45.365469 2024] [core:notice] [pid 7520:tid 424] AH00094: Command line: 'c:\\xampp\\apache\\bin\\httpd.exe -d C:/xampp/apache'
[Mon Oct 28 14:27:45.373845 2024] [mpm_winnt:notice] [pid 7520:tid 424] AH00418: Parent: Created child process 9092
[Mon Oct 28 14:27:45.635825 2024] [ssl:warn] [pid 9092:tid 440] AH01909: www.example.com:443:0 server certificate does NOT include an ID which matches the server name
[Mon Oct 28 14:27:45.676784 2024] [ssl:warn] [pid 9092:tid 440] AH01909: www.example.com:443:0 server certificate does NOT include an ID which matches the server name
[Mon Oct 28 14:27:45.709541 2024] [mpm_winnt:notice] [pid 9092:tid 440] AH00354: Child: Starting 150 worker threads.
